--------------------------------------------------
2025-05-10 16:00:03.490675
Limpando Base interna
Base interna Limpa
Autenticando
Buscando Produtos No Keruak
Carregando Produtos Na Base
Buscando Produtos ID No Pipe
Carregando Produtos Na Base
2025-05-10 16:01:12.300533
--------------------------------------------------
2025-05-10 20:00:03.677574
Limpando Base interna
Base interna Limpa
Autenticando
Buscando Produtos No Keruak
Carregando Produtos Na Base
Buscando Produtos ID No Pipe
Carregando Produtos Na Base
2025-05-10 20:01:16.424095
--------------------------------------------------
2025-05-11 00:00:04.299134
Limpando Base interna
Base interna Limpa
Autenticando
Buscando Produtos No Keruak
Carregando Produtos Na Base
Buscando Produtos ID No Pipe
Carregando Produtos Na Base
2025-05-11 00:01:11.914438
--------------------------------------------------
2025-05-11 04:00:02.503898
Limpando Base interna
Base interna Limpa
Autenticando
Buscando Produtos No Keruak
Carregando Produtos Na Base
Buscando Produtos ID No Pipe
Carregando Produtos Na Base
2025-05-11 04:01:02.856439
--------------------------------------------------
2025-05-11 08:00:09.066615
Limpando Base interna
Base interna Limpa
Autenticando
Buscando Produtos No Keruak
Carregando Produtos Na Base
Buscando Produtos ID No Pipe
Carregando Produtos Na Base
2025-05-11 08:01:11.979727
--------------------------------------------------
2025-05-11 12:00:03.083246
Limpando Base interna
Base interna Limpa
Autenticando
Buscando Produtos No Keruak
Carregando Produtos Na Base
Buscando Produtos ID No Pipe
Carregando Produtos Na Base
2025-05-11 12:01:11.073620
--------------------------------------------------
2025-05-11 16:00:04.443877
Limpando Base interna
Base interna Limpa
Autenticando
Buscando Produtos No Keruak
Carregando Produtos Na Base
Buscando Produtos ID No Pipe
Carregando Produtos Na Base
2025-05-11 16:01:33.296663
--------------------------------------------------
2025-05-11 20:00:02.637417
Limpando Base interna
Base interna Limpa
Autenticando
Buscando Produtos No Keruak
Carregando Produtos Na Base
Buscando Produtos ID No Pipe
Carregando Produtos Na Base
2025-05-11 20:01:14.578784
--------------------------------------------------
2025-05-12 00:00:03.174970
Limpando Base interna
Base interna Limpa
Autenticando
Buscando Produtos No Keruak
Carregando Produtos Na Base
Buscando Produtos ID No Pipe
Carregando Produtos Na Base
2025-05-12 00:01:16.804991
--------------------------------------------------
2025-05-12 04:00:05.733278
Limpando Base interna
Base interna Limpa
Autenticando
Buscando Produtos No Keruak
Carregando Produtos Na Base
Buscando Produtos ID No Pipe
Carregando Produtos Na Base
2025-05-12 04:01:17.438354
--------------------------------------------------
2025-05-12 08:00:04.190991
Limpando Base interna
Base interna Limpa
Autenticando
Buscando Produtos No Keruak
Carregando Produtos Na Base
Buscando Produtos ID No Pipe
Carregando Produtos Na Base
2025-05-12 08:01:09.357473
--------------------------------------------------
2025-05-12 12:00:02.351204
Limpando Base interna
Base interna Limpa
Autenticando
Buscando Produtos No Keruak
Carregando Produtos Na Base
Buscando Produtos ID No Pipe
Carregando Produtos Na Base
2025-05-12 12:02:17.080209
--------------------------------------------------
2025-05-12 16:00:02.400513
Limpando Base interna
Base interna Limpa
Autenticando
Buscando Produtos No Keruak
Carregando Produtos Na Base
Buscando Produtos ID No Pipe
Carregando Produtos Na Base
2025-05-12 16:01:30.947513
--------------------------------------------------
2025-05-12 20:00:01.899357
Limpando Base interna
Base interna Limpa
Autenticando
Buscando Produtos No Keruak
Carregando Produtos Na Base
Buscando Produtos ID No Pipe
Carregando Produtos Na Base
2025-05-12 20:01:28.815407
--------------------------------------------------
2025-05-13 00:00:02.540587
Limpando Base interna
Base interna Limpa
Autenticando
Buscando Produtos No Keruak
Carregando Produtos Na Base
Buscando Produtos ID No Pipe
Carregando Produtos Na Base
2025-05-13 00:01:25.213770
--------------------------------------------------
2025-05-13 04:00:01.820033
Limpando Base interna
Base interna Limpa
Autenticando
Buscando Produtos No Keruak
Carregando Produtos Na Base
Buscando Produtos ID No Pipe
Carregando Produtos Na Base
2025-05-13 04:01:06.304329
--------------------------------------------------
2025-05-13 08:00:01.908021
Limpando Base interna
Base interna Limpa
Autenticando
Buscando Produtos No Keruak
Carregando Produtos Na Base
Buscando Produtos ID No Pipe
Carregando Produtos Na Base
2025-05-13 08:01:05.723683
--------------------------------------------------
2025-05-13 12:00:02.226109
Limpando Base interna
Base interna Limpa
Autenticando
Buscando Produtos No Keruak
Carregando Produtos Na Base
Buscando Produtos ID No Pipe
Carregando Produtos Na Base
2025-05-13 12:01:20.681623
--------------------------------------------------
2025-05-13 16:00:02.527297
Limpando Base interna
Base interna Limpa
Autenticando
Buscando Produtos No Keruak
Carregando Produtos Na Base
Buscando Produtos ID No Pipe
Carregando Produtos Na Base
2025-05-13 16:01:28.632298
